{"logTime": "0329/172402", "correlationVector":"jMcFUFtvyCrxKSpMD6uUku.1","action":"SyncServerConnectionManagerRequest", "result":"SYNC_SERVER_OK", "context":{"environment":"Prod_southeastasia_prod-s01-065-apac-southeastasia", "migrationStage":"NotStarted", "server":"akswtt11200000l"}}
{"logTime": "0329/172402", "correlationVector":"jMcFUFtvyCrxKSpMD6uUku.2","action":"ProcessGetUpdates", "result":"Done", "context":{"dataType":"History", "deleted":"0", "process_failed_to_decrypt":"0", "process_pending_decryption":"0", "process_success":"250", "total":"250"}}
{"logTime": "0329/172402", "correlationVector":"jMcFUFtvyCrxKSpMD6uUku.3","action":"GetUpdates Response", "result":"Success", "context":Received 250 update(s). cV=jMcFUFtvyCrxKSpMD6uUku.0;server=akswtt11200000l;cloudType=Consumer;environment=Prod_southeastasia_prod-s01-065-apac-southeastasia;migrationStage=NotStarted Some updates remain.}
{"logTime": "0329/172402", "correlationVector":"k6gP7yLD1YO8xpXiD5VEXe","action":"Initial GetUpdates", "result":"", "context":Reason: NEWLY_SUPPORTED_DATATYPE. cV=k6gP7yLD1YO8xpXiD5VEXe}
{"logTime": "0329/172402", "correlationVector":"k6gP7yLD1YO8xpXiD5VEXe.1","action":"SyncServerConnectionManagerRequest", "result":"SYNC_SERVER_OK", "context":{"environment":"Prod_southeastasia_prod-s01-065-apac-southeastasia", "migrationStage":"NotStarted", "server":"akswtt11200000l"}}
{"logTime": "0329/172402", "correlationVector":"k6gP7yLD1YO8xpXiD5VEXe.2","action":"ProcessGetUpdates", "result":"Done", "context":{"dataType":"History", "deleted":"0", "process_failed_to_decrypt":"0", "process_pending_decryption":"0", "process_success":"250", "total":"250"}}
{"logTime": "0329/172402", "correlationVector":"k6gP7yLD1YO8xpXiD5VEXe.3","action":"GetUpdates Response", "result":"Success", "context":Received 250 update(s). cV=k6gP7yLD1YO8xpXiD5VEXe.0;server=akswtt11200000l;cloudType=Consumer;environment=Prod_southeastasia_prod-s01-065-apac-southeastasia;migrationStage=NotStarted Some updates remain.}
{"logTime": "0329/172402", "correlationVector":"YnUv8Oeo0fytpnwrZymmMr","action":"Initial GetUpdates", "result":"", "context":Reason: NEWLY_SUPPORTED_DATATYPE. cV=YnUv8Oeo0fytpnwrZymmMr}
{"logTime": "0329/172403", "correlationVector":"YnUv8Oeo0fytpnwrZymmMr.1","action":"SyncServerConnectionManagerRequest", "result":"SYNC_SERVER_OK", "context":{"environment":"Prod_southeastasia_prod-s01-065-apac-southeastasia", "migrationStage":"NotStarted", "server":"akswtt11200000i"}}
{"logTime": "0329/172403", "correlationVector":"YnUv8Oeo0fytpnwrZymmMr.2","action":"ProcessGetUpdates", "result":"Done", "context":{"dataType":"History", "deleted":"87", "process_failed_to_decrypt":"0", "process_pending_decryption":"0", "process_success":"250", "total":"250"}}
{"logTime": "0329/172403", "correlationVector":"YnUv8Oeo0fytpnwrZymmMr.3","action":"GetUpdates Response", "result":"Success", "context":Received 250 update(s). cV=YnUv8Oeo0fytpnwrZymmMr.0;server=akswtt11200000i;cloudType=Consumer;environment=Prod_southeastasia_prod-s01-065-apac-southeastasia;migrationStage=NotStarted Some updates remain.}
{"logTime": "0329/172403", "correlationVector":"FNYGQOly9ypOyjDyXIpZKT","action":"Initial GetUpdates", "result":"", "context":Reason: NEWLY_SUPPORTED_DATATYPE. cV=FNYGQOly9ypOyjDyXIpZKT}
{"logTime": "0329/172403", "correlationVector":"FNYGQOly9ypOyjDyXIpZKT.1","action":"SyncServerConnectionManagerRequest", "result":"SYNC_SERVER_OK", "context":{"environment":"Prod_southeastasia_prod-s01-065-apac-southeastasia", "migrationStage":"NotStarted", "server":"akswtt11200000l"}}
{"logTime": "0329/172403", "correlationVector":"FNYGQOly9ypOyjDyXIpZKT.2","action":"ProcessGetUpdates", "result":"Done", "context":{"dataType":"History", "deleted":"0", "process_failed_to_decrypt":"0", "process_pending_decryption":"0", "process_success":"250", "total":"250"}}
{"logTime": "0329/172403", "correlationVector":"FNYGQOly9ypOyjDyXIpZKT.3","action":"GetUpdates Response", "result":"Success", "context":Received 250 update(s). cV=FNYGQOly9ypOyjDyXIpZKT.0;server=akswtt11200000l;cloudType=Consumer;environment=Prod_southeastasia_prod-s01-065-apac-southeastasia;migrationStage=NotStarted Some updates remain.}
{"logTime": "0329/172403", "correlationVector":"TVbsC4gfkt967tfOd8RAOK","action":"Initial GetUpdates", "result":"", "context":Reason: NEWLY_SUPPORTED_DATATYPE. cV=TVbsC4gfkt967tfOd8RAOK}
{"logTime": "0329/172403", "correlationVector":"TVbsC4gfkt967tfOd8RAOK.1","action":"SyncServerConnectionManagerRequest", "result":"SYNC_SERVER_OK", "context":{"environment":"Prod_southeastasia_prod-s01-065-apac-southeastasia", "migrationStage":"NotStarted", "server":"akswtt11200000l"}}
{"logTime": "0329/172403", "correlationVector":"TVbsC4gfkt967tfOd8RAOK.2","action":"ProcessGetUpdates", "result":"Done", "context":{"dataType":"History", "deleted":"0", "process_failed_to_decrypt":"0", "process_pending_decryption":"0", "process_success":"250", "total":"250"}}
{"logTime": "0329/172403", "correlationVector":"TVbsC4gfkt967tfOd8RAOK.3","action":"GetUpdates Response", "result":"Success", "context":Received 250 update(s). cV=TVbsC4gfkt967tfOd8RAOK.0;server=akswtt11200000l;cloudType=Consumer;environment=Prod_southeastasia_prod-s01-065-apac-southeastasia;migrationStage=NotStarted Some updates remain.}
{"logTime": "0329/172403", "correlationVector":"Ry02SXkYhiIk54clNOrJCh","action":"Initial GetUpdates", "result":"", "context":Reason: NEWLY_SUPPORTED_DATATYPE. cV=Ry02SXkYhiIk54clNOrJCh}
{"logTime": "0329/172404", "correlationVector":"Ry02SXkYhiIk54clNOrJCh.1","action":"SyncServerConnectionManagerRequest", "result":"SYNC_SERVER_OK", "context":{"environment":"Prod_southeastasia_prod-s01-065-apac-southeastasia", "migrationStage":"NotStarted", "server":"akswtt11200000t"}}
{"logTime": "0329/172404", "correlationVector":"Ry02SXkYhiIk54clNOrJCh.2","action":"ProcessGetUpdates", "result":"Done", "context":{"dataType":"History", "deleted":"0", "process_failed_to_decrypt":"0", "process_pending_decryption":"0", "process_success":"250", "total":"250"}}
{"logTime": "0329/172404", "correlationVector":"Ry02SXkYhiIk54clNOrJCh.3","action":"GetUpdates Response", "result":"Success", "context":Received 250 update(s). cV=Ry02SXkYhiIk54clNOrJCh.0;server=akswtt11200000t;cloudType=Consumer;environment=Prod_southeastasia_prod-s01-065-apac-southeastasia;migrationStage=NotStarted Some updates remain.}
{"logTime": "0329/172404", "correlationVector":"O4vBUrk4rlQ8iuU5cHkgDS","action":"Initial GetUpdates", "result":"", "context":Reason: NEWLY_SUPPORTED_DATATYPE. cV=O4vBUrk4rlQ8iuU5cHkgDS}
{"logTime": "0329/172405", "correlationVector":"O4vBUrk4rlQ8iuU5cHkgDS.1","action":"SyncServerConnectionManagerRequest", "result":"SYNC_SERVER_OK", "context":{"environment":"Prod_southeastasia_prod-s01-065-apac-southeastasia", "migrationStage":"NotStarted", "server":"akswtt11200000l"}}
{"logTime": "0329/172405", "correlationVector":"O4vBUrk4rlQ8iuU5cHkgDS.2","action":"ProcessGetUpdates", "result":"Done", "context":{"dataType":"History", "deleted":"0", "process_failed_to_decrypt":"0", "process_pending_decryption":"0", "process_success":"250", "total":"250"}}
{"logTime": "0329/172405", "correlationVector":"O4vBUrk4rlQ8iuU5cHkgDS.3","action":"GetUpdates Response", "result":"Success", "context":Received 250 update(s). cV=O4vBUrk4rlQ8iuU5cHkgDS.0;server=akswtt11200000l;cloudType=Consumer;environment=Prod_southeastasia_prod-s01-065-apac-southeastasia;migrationStage=NotStarted Some updates remain.}
{"logTime": "0329/172405", "correlationVector":"xRsr2NEeL8/xnes0Bso5Dg","action":"Initial GetUpdates", "result":"", "context":Reason: NEWLY_SUPPORTED_DATATYPE. cV=xRsr2NEeL8/xnes0Bso5Dg}
{"logTime": "0329/172405", "correlationVector":"xRsr2NEeL8/xnes0Bso5Dg.1","action":"SyncServerConnectionManagerRequest", "result":"SYNC_SERVER_OK", "context":{"environment":"Prod_southeastasia_prod-s01-065-apac-southeastasia", "migrationStage":"NotStarted", "server":"akswtt112000004"}}
{"logTime": "0329/172405", "correlationVector":"xRsr2NEeL8/xnes0Bso5Dg.2","action":"ProcessGetUpdates", "result":"Done", "context":{"dataType":"History", "deleted":"0", "process_failed_to_decrypt":"0", "process_pending_decryption":"0", "process_success":"250", "total":"250"}}
{"logTime": "0329/172405", "correlationVector":"xRsr2NEeL8/xnes0Bso5Dg.3","action":"GetUpdates Response", "result":"Success", "context":Received 250 update(s). cV=xRsr2NEeL8/xnes0Bso5Dg.0;server=akswtt112000004;cloudType=Consumer;environment=Prod_southeastasia_prod-s01-065-apac-southeastasia;migrationStage=NotStarted Some updates remain.}
{"logTime": "0329/172405", "correlationVector":"+ameihULd2ftRH+tAP+/B3","action":"Initial GetUpdates", "result":"", "context":Reason: NEWLY_SUPPORTED_DATATYPE. cV=+ameihULd2ftRH+tAP+/B3}
{"logTime": "0329/172406", "correlationVector":"+ameihULd2ftRH+tAP+/B3.1","action":"SyncServerConnectionManagerRequest", "result":"SYNC_SERVER_OK", "context":{"environment":"Prod_southeastasia_prod-s01-065-apac-southeastasia", "migrationStage":"NotStarted", "server":"akswtt11200000l"}}
{"logTime": "0329/172406", "correlationVector":"+ameihULd2ftRH+tAP+/B3.2","action":"ProcessGetUpdates", "result":"Done", "context":{"dataType":"History", "deleted":"0", "process_failed_to_decrypt":"0", "process_pending_decryption":"0", "process_success":"250", "total":"250"}}
{"logTime": "0329/172406", "correlationVector":"+ameihULd2ftRH+tAP+/B3.3","action":"GetUpdates Response", "result":"Success", "context":Received 250 update(s). cV=+ameihULd2ftRH+tAP+/B3.0;server=akswtt11200000l;cloudType=Consumer;environment=Prod_southeastasia_prod-s01-065-apac-southeastasia;migrationStage=NotStarted Some updates remain.}
{"logTime": "0329/172406", "correlationVector":"ij9ggsM/6OxkQi8dKjb9qT","action":"Initial GetUpdates", "result":"", "context":Reason: NEWLY_SUPPORTED_DATATYPE. cV=ij9ggsM/6OxkQi8dKjb9qT}
{"logTime": "0329/172406", "correlationVector":"ij9ggsM/6OxkQi8dKjb9qT.1","action":"SyncServerConnectionManagerRequest", "result":"SYNC_SERVER_OK", "context":{"environment":"Prod_southeastasia_prod-s01-065-apac-southeastasia", "migrationStage":"NotStarted", "server":"akswtt11200000i"}}
{"logTime": "0329/172406", "correlationVector":"ij9ggsM/6OxkQi8dKjb9qT.2","action":"ProcessGetUpdates", "result":"Done", "context":{"dataType":"History", "deleted":"0", "process_failed_to_decrypt":"0", "process_pending_decryption":"0", "process_success":"250", "total":"250"}}
{"logTime": "0329/172406", "correlationVector":"ij9ggsM/6OxkQi8dKjb9qT.3","action":"GetUpdates Response", "result":"Success", "context":Received 250 update(s). cV=ij9ggsM/6OxkQi8dKjb9qT.0;server=akswtt11200000i;cloudType=Consumer;environment=Prod_southeastasia_prod-s01-065-apac-southeastasia;migrationStage=NotStarted Some updates remain.}
{"logTime": "0329/172406", "correlationVector":"TXniG1jzu4mBQhbGspxfpS","action":"Initial GetUpdates", "result":"", "context":Reason: NEWLY_SUPPORTED_DATATYPE. cV=TXniG1jzu4mBQhbGspxfpS}
{"logTime": "0329/172407", "correlationVector":"TXniG1jzu4mBQhbGspxfpS.1","action":"SyncServerConnectionManagerRequest", "result":"SYNC_SERVER_OK", "context":{"environment":"Prod_southeastasia_prod-s01-065-apac-southeastasia", "migrationStage":"NotStarted", "server":"akswtt112000003"}}
{"logTime": "0329/172407", "correlationVector":"TXniG1jzu4mBQhbGspxfpS.2","action":"ProcessGetUpdates", "result":"Done", "context":{"dataType":"History", "deleted":"0", "process_failed_to_decrypt":"0", "process_pending_decryption":"0", "process_success":"250", "total":"250"}}
{"logTime": "0329/172407", "correlationVector":"TXniG1jzu4mBQhbGspxfpS.3","action":"GetUpdates Response", "result":"Success", "context":Received 250 update(s). cV=TXniG1jzu4mBQhbGspxfpS.0;server=akswtt112000003;cloudType=Consumer;environment=Prod_southeastasia_prod-s01-065-apac-southeastasia;migrationStage=NotStarted Some updates remain.}
{"logTime": "0329/172407", "correlationVector":"+GHsXaqED9eoD+OTxOshIu","action":"Initial GetUpdates", "result":"", "context":Reason: NEWLY_SUPPORTED_DATATYPE. cV=+GHsXaqED9eoD+OTxOshIu}
{"logTime": "0329/172407", "correlationVector":"+GHsXaqED9eoD+OTxOshIu.1","action":"SyncServerConnectionManagerRequest", "result":"SYNC_SERVER_OK", "context":{"environment":"Prod_southeastasia_prod-s01-065-apac-southeastasia", "migrationStage":"NotStarted", "server":"akswtt11200000l"}}
{"logTime": "0329/172407", "correlationVector":"+GHsXaqED9eoD+OTxOshIu.2","action":"ProcessGetUpdates", "result":"Done", "context":{"dataType":"History", "deleted":"0", "process_failed_to_decrypt":"0", "process_pending_decryption":"0", "process_success":"250", "total":"250"}}
{"logTime": "0329/172407", "correlationVector":"+GHsXaqED9eoD+OTxOshIu.3","action":"GetUpdates Response", "result":"Success", "context":Received 250 update(s). cV=+GHsXaqED9eoD+OTxOshIu.0;server=akswtt11200000l;cloudType=Consumer;environment=Prod_southeastasia_prod-s01-065-apac-southeastasia;migrationStage=NotStarted Some updates remain.}
{"logTime": "0329/172407", "correlationVector":"nO4YEHEDUR/xS57gSZH3tJ","action":"Initial GetUpdates", "result":"", "context":Reason: NEWLY_SUPPORTED_DATATYPE. cV=nO4YEHEDUR/xS57gSZH3tJ}
{"logTime": "0329/172407", "correlationVector":"nO4YEHEDUR/xS57gSZH3tJ.1","action":"SyncServerConnectionManagerRequest", "result":"SYNC_SERVER_OK", "context":{"environment":"Prod_southeastasia_prod-s01-065-apac-southeastasia", "migrationStage":"NotStarted", "server":"akswtt11200000l"}}
{"logTime": "0329/172407", "correlationVector":"nO4YEHEDUR/xS57gSZH3tJ.2","action":"ProcessGetUpdates", "result":"Done", "context":{"dataType":"History", "deleted":"0", "process_failed_to_decrypt":"0", "process_pending_decryption":"0", "process_success":"250", "total":"250"}}
{"logTime": "0329/172407", "correlationVector":"nO4YEHEDUR/xS57gSZH3tJ.3","action":"GetUpdates Response", "result":"Success", "context":Received 250 update(s). cV=nO4YEHEDUR/xS57gSZH3tJ.0;server=akswtt11200000l;cloudType=Consumer;environment=Prod_southeastasia_prod-s01-065-apac-southeastasia;migrationStage=NotStarted Some updates remain.}
{"logTime": "0329/172407", "correlationVector":"gFfiPoDULtxy9bm0uuH0b5","action":"Initial GetUpdates", "result":"", "context":Reason: NEWLY_SUPPORTED_DATATYPE. cV=gFfiPoDULtxy9bm0uuH0b5}
{"logTime": "0329/172408", "correlationVector":"gFfiPoDULtxy9bm0uuH0b5.1","action":"SyncServerConnectionManagerRequest", "result":"SYNC_SERVER_OK", "context":{"environment":"Prod_southeastasia_prod-s01-065-apac-southeastasia", "migrationStage":"NotStarted", "server":"akswtt11200000t"}}
{"logTime": "0329/172408", "correlationVector":"gFfiPoDULtxy9bm0uuH0b5.2","action":"ProcessGetUpdates", "result":"Done", "context":{"dataType":"History", "deleted":"0", "process_failed_to_decrypt":"0", "process_pending_decryption":"0", "process_success":"250", "total":"250"}}
{"logTime": "0329/172408", "correlationVector":"gFfiPoDULtxy9bm0uuH0b5.3","action":"GetUpdates Response", "result":"Success", "context":Received 250 update(s). cV=gFfiPoDULtxy9bm0uuH0b5.0;server=akswtt11200000t;cloudType=Consumer;environment=Prod_southeastasia_prod-s01-065-apac-southeastasia;migrationStage=NotStarted Some updates remain.}
{"logTime": "0329/172408", "correlationVector":"m+AbJRB45C4v3HQe4V3Ri1","action":"Initial GetUpdates", "result":"", "context":Reason: NEWLY_SUPPORTED_DATATYPE. cV=m+AbJRB45C4v3HQe4V3Ri1}
{"logTime": "0329/172409", "correlationVector":"m+AbJRB45C4v3HQe4V3Ri1.1","action":"SyncServerConnectionManagerRequest", "result":"SYNC_SERVER_OK", "context":{"environment":"Prod_southeastasia_prod-s01-064-apac-southeastasia", "migrationStage":"NotStarted", "server":"akswtt112000009"}}
{"logTime": "0329/172409", "correlationVector":"m+AbJRB45C4v3HQe4V3Ri1.2","action":"ProcessGetUpdates", "result":"Done", "context":{"dataType":"History", "deleted":"0", "process_failed_to_decrypt":"0", "process_pending_decryption":"0", "process_success":"250", "total":"250"}}
{"logTime": "0329/172409", "correlationVector":"m+AbJRB45C4v3HQe4V3Ri1.3","action":"GetUpdates Response", "result":"Success", "context":Received 250 update(s). cV=m+AbJRB45C4v3HQe4V3Ri1.0;server=akswtt112000009;cloudType=Consumer;environment=Prod_southeastasia_prod-s01-064-apac-southeastasia;migrationStage=NotStarted Some updates remain.}
{"logTime": "0329/172409", "correlationVector":"3vwqM3eCGX5OAHU+HJWrtq","action":"Initial GetUpdates", "result":"", "context":Reason: NEWLY_SUPPORTED_DATATYPE. cV=3vwqM3eCGX5OAHU+HJWrtq}
{"logTime": "0329/172409", "correlationVector":"3vwqM3eCGX5OAHU+HJWrtq.1","action":"SyncServerConnectionManagerRequest", "result":"SYNC_SERVER_OK", "context":{"environment":"Prod_southeastasia_prod-s01-064-apac-southeastasia", "migrationStage":"NotStarted", "server":"akswtt11200000j"}}
{"logTime": "0329/172409", "correlationVector":"3vwqM3eCGX5OAHU+HJWrtq.2","action":"ProcessGetUpdates", "result":"Done", "context":{"dataType":"History", "deleted":"0", "process_failed_to_decrypt":"0", "process_pending_decryption":"0", "process_success":"250", "total":"250"}}
{"logTime": "0329/172409", "correlationVector":"3vwqM3eCGX5OAHU+HJWrtq.3","action":"GetUpdates Response", "result":"Success", "context":Received 250 update(s). cV=3vwqM3eCGX5OAHU+HJWrtq.0;server=akswtt11200000j;cloudType=Consumer;environment=Prod_southeastasia_prod-s01-064-apac-southeastasia;migrationStage=NotStarted Some updates remain.}
{"logTime": "0329/172409", "correlationVector":"nsp3/VOHWwKMwj0EfG+PS/","action":"Initial GetUpdates", "result":"", "context":Reason: NEWLY_SUPPORTED_DATATYPE. cV=nsp3/VOHWwKMwj0EfG+PS/}
{"logTime": "0329/172410", "correlationVector":"nsp3/VOHWwKMwj0EfG+PS/.1","action":"SyncServerConnectionManagerRequest", "result":"SYNC_SERVER_OK", "context":{"environment":"Prod_southeastasia_prod-s01-064-apac-southeastasia", "migrationStage":"NotStarted", "server":"akswtt11200000r"}}
{"logTime": "0329/172410", "correlationVector":"nsp3/VOHWwKMwj0EfG+PS/.2","action":"ProcessGetUpdates", "result":"Done", "context":{"dataType":"History", "deleted":"0", "process_failed_to_decrypt":"0", "process_pending_decryption":"0", "process_success":"250", "total":"250"}}
{"logTime": "0329/172410", "correlationVector":"nsp3/VOHWwKMwj0EfG+PS/.3","action":"GetUpdates Response", "result":"Success", "context":Received 250 update(s). cV=nsp3/VOHWwKMwj0EfG+PS/.0;server=akswtt11200000r;cloudType=Consumer;environment=Prod_southeastasia_prod-s01-064-apac-southeastasia;migrationStage=NotStarted Some updates remain.}
{"logTime": "0329/172410", "correlationVector":"W1fi82ynWKPmU3gaMKRbQi","action":"Initial GetUpdates", "result":"", "context":Reason: NEWLY_SUPPORTED_DATATYPE. cV=W1fi82ynWKPmU3gaMKRbQi}
{"logTime": "0329/172410", "correlationVector":"W1fi82ynWKPmU3gaMKRbQi.1","action":"SyncServerConnectionManagerRequest", "result":"SYNC_SERVER_OK", "context":{"environment":"Prod_southeastasia_prod-s01-064-apac-southeastasia", "migrationStage":"NotStarted", "server":"akswtt11200000j"}}
{"logTime": "0329/172410", "correlationVector":"W1fi82ynWKPmU3gaMKRbQi.2","action":"ProcessGetUpdates", "result":"Done", "context":{"dataType":"History", "deleted":"0", "process_failed_to_decrypt":"0", "process_pending_decryption":"0", "process_success":"250", "total":"250"}}
{"logTime": "0329/172410", "correlationVector":"W1fi82ynWKPmU3gaMKRbQi.3","action":"GetUpdates Response", "result":"Success", "context":Received 250 update(s). cV=W1fi82ynWKPmU3gaMKRbQi.0;server=akswtt11200000j;cloudType=Consumer;environment=Prod_southeastasia_prod-s01-064-apac-southeastasia;migrationStage=NotStarted Some updates remain.}
{"logTime": "0329/172410", "correlationVector":"8d7JuHIsSnxoBVZ25bPTjr","action":"Initial GetUpdates", "result":"", "context":Reason: NEWLY_SUPPORTED_DATATYPE. cV=8d7JuHIsSnxoBVZ25bPTjr}
{"logTime": "0329/172410", "correlationVector":"8d7JuHIsSnxoBVZ25bPTjr.1","action":"SyncServerConnectionManagerRequest", "result":"SYNC_SERVER_OK", "context":{"environment":"Prod_southeastasia_prod-s01-064-apac-southeastasia", "migrationStage":"NotStarted", "server":"akswtt112000003"}}
{"logTime": "0329/172410", "correlationVector":"8d7JuHIsSnxoBVZ25bPTjr.2","action":"ProcessGetUpdates", "result":"Done", "context":{"dataType":"History", "deleted":"0", "process_failed_to_decrypt":"0", "process_pending_decryption":"0", "process_success":"250", "total":"250"}}
{"logTime": "0329/172410", "correlationVector":"8d7JuHIsSnxoBVZ25bPTjr.3","action":"GetUpdates Response", "result":"Success", "context":Received 250 update(s). cV=8d7JuHIsSnxoBVZ25bPTjr.0;server=akswtt112000003;cloudType=Consumer;environment=Prod_southeastasia_prod-s01-064-apac-southeastasia;migrationStage=NotStarted Some updates remain.}
{"logTime": "0329/172410", "correlationVector":"haHorv5KWnkq8ZYwGVN1ey","action":"Initial GetUpdates", "result":"", "context":Reason: NEWLY_SUPPORTED_DATATYPE. cV=haHorv5KWnkq8ZYwGVN1ey}
{"logTime": "0329/172411", "correlationVector":"haHorv5KWnkq8ZYwGVN1ey.1","action":"SyncServerConnectionManagerRequest", "result":"SYNC_SERVER_OK", "context":{"environment":"Prod_southeastasia_prod-s01-064-apac-southeastasia", "migrationStage":"NotStarted", "server":"akswtt11200000g"}}
{"logTime": "0329/172411", "correlationVector":"haHorv5KWnkq8ZYwGVN1ey.2","action":"ProcessGetUpdates", "result":"Done", "context":{"dataType":"History", "deleted":"0", "process_failed_to_decrypt":"0", "process_pending_decryption":"0", "process_success":"250", "total":"250"}}
{"logTime": "0329/172411", "correlationVector":"haHorv5KWnkq8ZYwGVN1ey.3","action":"GetUpdates Response", "result":"Success", "context":Received 250 update(s). cV=haHorv5KWnkq8ZYwGVN1ey.0;server=akswtt11200000g;cloudType=Consumer;environment=Prod_southeastasia_prod-s01-064-apac-southeastasia;migrationStage=NotStarted Some updates remain.}
{"logTime": "0329/172411", "correlationVector":"jQANFU0j4bdrCHO4afSdLI","action":"Initial GetUpdates", "result":"", "context":Reason: NEWLY_SUPPORTED_DATATYPE. cV=jQANFU0j4bdrCHO4afSdLI}
{"logTime": "0329/172411", "correlationVector":"jQANFU0j4bdrCHO4afSdLI.1","action":"SyncServerConnectionManagerRequest", "result":"SYNC_SERVER_OK", "context":{"environment":"Prod_southeastasia_prod-s01-064-apac-southeastasia", "migrationStage":"NotStarted", "server":"akswtt112000003"}}
{"logTime": "0329/172411", "correlationVector":"jQANFU0j4bdrCHO4afSdLI.2","action":"ProcessGetUpdates", "result":"Done", "context":{"dataType":"History", "deleted":"0", "process_failed_to_decrypt":"0", "process_pending_decryption":"0", "process_success":"250", "total":"250"}}
{"logTime": "0329/172411", "correlationVector":"jQANFU0j4bdrCHO4afSdLI.3","action":"GetUpdates Response", "result":"Success", "context":Received 250 update(s). cV=jQANFU0j4bdrCHO4afSdLI.0;server=akswtt112000003;cloudType=Consumer;environment=Prod_southeastasia_prod-s01-064-apac-southeastasia;migrationStage=NotStarted Some updates remain.}
{"logTime": "0329/172411", "correlationVector":"89CJAi0MrykCbfO0UmmRRK","action":"Initial GetUpdates", "result":"", "context":Reason: NEWLY_SUPPORTED_DATATYPE. cV=89CJAi0MrykCbfO0UmmRRK}
{"logTime": "0329/172412", "correlationVector":"89CJAi0MrykCbfO0UmmRRK.1","action":"SyncServerConnectionManagerRequest", "result":"SYNC_SERVER_OK", "context":{"environment":"Prod_southeastasia_prod-s01-064-apac-southeastasia", "migrationStage":"NotStarted", "server":"akswtt11200000r"}}
{"logTime": "0329/172412", "correlationVector":"89CJAi0MrykCbfO0UmmRRK.2","action":"ProcessGetUpdates", "result":"Done", "context":{"dataType":"History", "deleted":"0", "process_failed_to_decrypt":"0", "process_pending_decryption":"0", "process_success":"250", "total":"250"}}
{"logTime": "0329/172412", "correlationVector":"89CJAi0MrykCbfO0UmmRRK.3","action":"GetUpdates Response", "result":"Success", "context":Received 250 update(s). cV=89CJAi0MrykCbfO0UmmRRK.0;server=akswtt11200000r;cloudType=Consumer;environment=Prod_southeastasia_prod-s01-064-apac-southeastasia;migrationStage=NotStarted Some updates remain.}
{"logTime": "0329/172412", "correlationVector":"DlU8sdXrozn1YXl0dIJox+","action":"Initial GetUpdates", "result":"", "context":Reason: NEWLY_SUPPORTED_DATATYPE. cV=DlU8sdXrozn1YXl0dIJox+}
{"logTime": "0329/172412", "correlationVector":"DlU8sdXrozn1YXl0dIJox+.1","action":"SyncServerConnectionManagerRequest", "result":"SYNC_SERVER_OK", "context":{"environment":"Prod_southeastasia_prod-s01-064-apac-southeastasia", "migrationStage":"NotStarted", "server":"akswtt11200000p"}}
{"logTime": "0329/172412", "correlationVector":"DlU8sdXrozn1YXl0dIJox+.2","action":"ProcessGetUpdates", "result":"Done", "context":{"dataType":"History", "deleted":"0", "process_failed_to_decrypt":"0", "process_pending_decryption":"0", "process_success":"250", "total":"250"}}
{"logTime": "0329/172412", "correlationVector":"DlU8sdXrozn1YXl0dIJox+.3","action":"GetUpdates Response", "result":"Success", "context":Received 250 update(s). cV=DlU8sdXrozn1YXl0dIJox+.0;server=akswtt11200000p;cloudType=Consumer;environment=Prod_southeastasia_prod-s01-064-apac-southeastasia;migrationStage=NotStarted Some updates remain.}
{"logTime": "0329/172412", "correlationVector":"7nw9gYvlbcpEn5U3sfXDee","action":"Initial GetUpdates", "result":"", "context":Reason: NEWLY_SUPPORTED_DATATYPE. cV=7nw9gYvlbcpEn5U3sfXDee}
{"logTime": "0329/172413", "correlationVector":"7nw9gYvlbcpEn5U3sfXDee.1","action":"SyncServerConnectionManagerRequest", "result":"SYNC_SERVER_OK", "context":{"environment":"Prod_southeastasia_prod-s01-064-apac-southeastasia", "migrationStage":"NotStarted", "server":"akswtt112000003"}}
{"logTime": "0329/172413", "correlationVector":"7nw9gYvlbcpEn5U3sfXDee.2","action":"ProcessGetUpdates", "result":"Done", "context":{"dataType":"History", "deleted":"0", "process_failed_to_decrypt":"0", "process_pending_decryption":"0", "process_success":"250", "total":"250"}}
{"logTime": "0329/172413", "correlationVector":"7nw9gYvlbcpEn5U3sfXDee.3","action":"GetUpdates Response", "result":"Success", "context":Received 250 update(s). cV=7nw9gYvlbcpEn5U3sfXDee.0;server=akswtt112000003;cloudType=Consumer;environment=Prod_southeastasia_prod-s01-064-apac-southeastasia;migrationStage=NotStarted Some updates remain.}
{"logTime": "0329/172413", "correlationVector":"B7skbgTS2GrBEJxLIrru2B","action":"Initial GetUpdates", "result":"", "context":Reason: NEWLY_SUPPORTED_DATATYPE. cV=B7skbgTS2GrBEJxLIrru2B}
{"logTime": "0329/172414", "correlationVector":"B7skbgTS2GrBEJxLIrru2B.1","action":"SyncServerConnectionManagerRequest", "result":"SYNC_SERVER_OK", "context":{"environment":"Prod_southeastasia_prod-s01-064-apac-southeastasia", "migrationStage":"NotStarted", "server":"akswtt11200000j"}}
{"logTime": "0329/172414", "correlationVector":"B7skbgTS2GrBEJxLIrru2B.2","action":"ProcessGetUpdates", "result":"Done", "context":{"dataType":"History", "deleted":"0", "process_failed_to_decrypt":"0", "process_pending_decryption":"0", "process_success":"250", "total":"250"}}
{"logTime": "0329/172414", "correlationVector":"B7skbgTS2GrBEJxLIrru2B.3","action":"GetUpdates Response", "result":"Success", "context":Received 250 update(s). cV=B7skbgTS2GrBEJxLIrru2B.0;server=akswtt11200000j;cloudType=Consumer;environment=Prod_southeastasia_prod-s01-064-apac-southeastasia;migrationStage=NotStarted Some updates remain.}
{"logTime": "0329/172414", "correlationVector":"mGdU5xHamfo0QPCMn2mb/B","action":"Initial GetUpdates", "result":"", "context":Reason: NEWLY_SUPPORTED_DATATYPE. cV=mGdU5xHamfo0QPCMn2mb/B}
{"logTime": "0329/172414", "correlationVector":"mGdU5xHamfo0QPCMn2mb/B.1","action":"SyncServerConnectionManagerRequest", "result":"SYNC_SERVER_OK", "context":{"environment":"Prod_southeastasia_prod-s01-064-apac-southeastasia", "migrationStage":"NotStarted", "server":"akswtt112000004"}}
{"logTime": "0329/172414", "correlationVector":"mGdU5xHamfo0QPCMn2mb/B.2","action":"ProcessGetUpdates", "result":"Done", "context":{"dataType":"History", "deleted":"0", "process_failed_to_decrypt":"0", "process_pending_decryption":"0", "process_success":"250", "total":"250"}}
{"logTime": "0329/172414", "correlationVector":"mGdU5xHamfo0QPCMn2mb/B.3","action":"GetUpdates Response", "result":"Success", "context":Received 250 update(s). cV=mGdU5xHamfo0QPCMn2mb/B.0;server=akswtt112000004;cloudType=Consumer;environment=Prod_southeastasia_prod-s01-064-apac-southeastasia;migrationStage=NotStarted Some updates remain.}
{"logTime": "0329/172414", "correlationVector":"AONlK1VcU98vE2zHMyxzQ8","action":"Initial GetUpdates", "result":"", "context":Reason: NEWLY_SUPPORTED_DATATYPE. cV=AONlK1VcU98vE2zHMyxzQ8}
{"logTime": "0329/172414", "correlationVector":"AONlK1VcU98vE2zHMyxzQ8.1","action":"SyncServerConnectionManagerRequest", "result":"SYNC_SERVER_OK", "context":{"environment":"Prod_southeastasia_prod-s01-064-apac-southeastasia", "migrationStage":"NotStarted", "server":"akswtt11200000r"}}
{"logTime": "0329/172414", "correlationVector":"AONlK1VcU98vE2zHMyxzQ8.2","action":"ProcessGetUpdates", "result":"Done", "context":{"dataType":"History", "deleted":"0", "process_failed_to_decrypt":"0", "process_pending_decryption":"0", "process_success":"250", "total":"250"}}
{"logTime": "0329/172414", "correlationVector":"AONlK1VcU98vE2zHMyxzQ8.3","action":"GetUpdates Response", "result":"Success", "context":Received 250 update(s). cV=AONlK1VcU98vE2zHMyxzQ8.0;server=akswtt11200000r;cloudType=Consumer;environment=Prod_southeastasia_prod-s01-064-apac-southeastasia;migrationStage=NotStarted Some updates remain.}
{"logTime": "0329/172414", "correlationVector":"CTz4kT5j5ZXJXhZVq4+zqz","action":"Initial GetUpdates", "result":"", "context":Reason: NEWLY_SUPPORTED_DATATYPE. cV=CTz4kT5j5ZXJXhZVq4+zqz}
{"logTime": "0329/172415", "correlationVector":"CTz4kT5j5ZXJXhZVq4+zqz.1","action":"SyncServerConnectionManagerRequest", "result":"SYNC_SERVER_OK", "context":{"environment":"Prod_southeastasia_prod-s01-064-apac-southeastasia", "migrationStage":"NotStarted", "server":"akswtt112000003"}}
{"logTime": "0329/172415", "correlationVector":"CTz4kT5j5ZXJXhZVq4+zqz.2","action":"ProcessGetUpdates", "result":"Done", "context":{"dataType":"History", "deleted":"0", "process_failed_to_decrypt":"0", "process_pending_decryption":"0", "process_success":"250", "total":"250"}}
{"logTime": "0329/172415", "correlationVector":"CTz4kT5j5ZXJXhZVq4+zqz.3","action":"GetUpdates Response", "result":"Success", "context":Received 250 update(s). cV=CTz4kT5j5ZXJXhZVq4+zqz.0;server=akswtt112000003;cloudType=Consumer;environment=Prod_southeastasia_prod-s01-064-apac-southeastasia;migrationStage=NotStarted Some updates remain.}
{"logTime": "0329/172415", "correlationVector":"noQwlV/RgMViIIe8M8cIO4","action":"Initial GetUpdates", "result":"", "context":Reason: NEWLY_SUPPORTED_DATATYPE. cV=noQwlV/RgMViIIe8M8cIO4}
{"logTime": "0329/172415", "correlationVector":"noQwlV/RgMViIIe8M8cIO4.1","action":"SyncServerConnectionManagerRequest", "result":"SYNC_SERVER_OK", "context":{"environment":"Prod_southeastasia_prod-s01-064-apac-southeastasia", "migrationStage":"NotStarted", "server":"akswtt112000004"}}
{"logTime": "0329/172415", "correlationVector":"noQwlV/RgMViIIe8M8cIO4.2","action":"ProcessGetUpdates", "result":"Done", "context":{"dataType":"History", "deleted":"0", "process_failed_to_decrypt":"0", "process_pending_decryption":"0", "process_success":"250", "total":"250"}}
{"logTime": "0329/172415", "correlationVector":"noQwlV/RgMViIIe8M8cIO4.3","action":"GetUpdates Response", "result":"Success", "context":Received 250 update(s). cV=noQwlV/RgMViIIe8M8cIO4.0;server=akswtt112000004;cloudType=Consumer;environment=Prod_southeastasia_prod-s01-064-apac-southeastasia;migrationStage=NotStarted Some updates remain.}
{"logTime": "0329/172415", "correlationVector":"8r+mVapL7uox5PSCTx+dHZ","action":"Initial GetUpdates", "result":"", "context":Reason: NEWLY_SUPPORTED_DATATYPE. cV=8r+mVapL7uox5PSCTx+dHZ}
{"logTime": "0329/172416", "correlationVector":"8r+mVapL7uox5PSCTx+dHZ.1","action":"SyncServerConnectionManagerRequest", "result":"SYNC_SERVER_OK", "context":{"environment":"Prod_southeastasia_prod-s01-064-apac-southeastasia", "migrationStage":"NotStarted", "server":"akswtt11200000p"}}
{"logTime": "0329/172416", "correlationVector":"8r+mVapL7uox5PSCTx+dHZ.2","action":"ProcessGetUpdates", "result":"Done", "context":{"dataType":"History", "deleted":"0", "process_failed_to_decrypt":"0", "process_pending_decryption":"0", "process_success":"250", "total":"250"}}
{"logTime": "0329/172416", "correlationVector":"8r+mVapL7uox5PSCTx+dHZ.3","action":"GetUpdates Response", "result":"Success", "context":Received 250 update(s). cV=8r+mVapL7uox5PSCTx+dHZ.0;server=akswtt11200000p;cloudType=Consumer;environment=Prod_southeastasia_prod-s01-064-apac-southeastasia;migrationStage=NotStarted Some updates remain.}
{"logTime": "0329/172416", "correlationVector":"tody7dqNzHK9ZPdqvTlzkL","action":"Initial GetUpdates", "result":"", "context":Reason: NEWLY_SUPPORTED_DATATYPE. cV=tody7dqNzHK9ZPdqvTlzkL}
{"logTime": "0329/172416", "correlationVector":"tody7dqNzHK9ZPdqvTlzkL.1","action":"SyncServerConnectionManagerRequest", "result":"SYNC_SERVER_OK", "context":{"environment":"Prod_southeastasia_prod-s01-064-apac-southeastasia", "migrationStage":"NotStarted", "server":"akswtt11200000e"}}
{"logTime": "0329/172416", "correlationVector":"tody7dqNzHK9ZPdqvTlzkL.2","action":"ProcessGetUpdates", "result":"Done", "context":{"dataType":"History", "deleted":"0", "process_failed_to_decrypt":"0", "process_pending_decryption":"0", "process_success":"250", "total":"250"}}
{"logTime": "0329/172416", "correlationVector":"tody7dqNzHK9ZPdqvTlzkL.3","action":"GetUpdates Response", "result":"Success", "context":Received 250 update(s). cV=tody7dqNzHK9ZPdqvTlzkL.0;server=akswtt11200000e;cloudType=Consumer;environment=Prod_southeastasia_prod-s01-064-apac-southeastasia;migrationStage=NotStarted Some updates remain.}
{"logTime": "0329/172416", "correlationVector":"/tb22nu2qXpp6sLLCk+kMd","action":"Initial GetUpdates", "result":"", "context":Reason: NEWLY_SUPPORTED_DATATYPE. cV=/tb22nu2qXpp6sLLCk+kMd}
{"logTime": "0329/172417", "correlationVector":"/tb22nu2qXpp6sLLCk+kMd.1","action":"SyncServerConnectionManagerRequest", "result":"SYNC_SERVER_OK", "context":{"environment":"Prod_southeastasia_prod-s01-064-apac-southeastasia", "migrationStage":"NotStarted", "server":"akswtt11200000r"}}
{"logTime": "0329/172417", "correlationVector":"/tb22nu2qXpp6sLLCk+kMd.2","action":"ProcessGetUpdates", "result":"Done", "context":{"dataType":"History", "deleted":"0", "process_failed_to_decrypt":"0", "process_pending_decryption":"0", "process_success":"250", "total":"250"}}
{"logTime": "0329/172417", "correlationVector":"/tb22nu2qXpp6sLLCk+kMd.3","action":"GetUpdates Response", "result":"Success", "context":Received 250 update(s). cV=/tb22nu2qXpp6sLLCk+kMd.0;server=akswtt11200000r;cloudType=Consumer;environment=Prod_southeastasia_prod-s01-064-apac-southeastasia;migrationStage=NotStarted Some updates remain.}
{"logTime": "0329/172417", "correlationVector":"WgBXKnxMPMEiczXSFDab2I","action":"Initial GetUpdates", "result":"", "context":Reason: NEWLY_SUPPORTED_DATATYPE. cV=WgBXKnxMPMEiczXSFDab2I}
{"logTime": "0329/172417", "correlationVector":"WgBXKnxMPMEiczXSFDab2I.1","action":"SyncServerConnectionManagerRequest", "result":"SYNC_SERVER_OK", "context":{"environment":"Prod_southeastasia_prod-s01-064-apac-southeastasia", "migrationStage":"NotStarted", "server":"akswtt11200000s"}}
{"logTime": "0329/172417", "correlationVector":"WgBXKnxMPMEiczXSFDab2I.2","action":"ProcessGetUpdates", "result":"Done", "context":{"dataType":"History", "deleted":"0", "process_failed_to_decrypt":"0", "process_pending_decryption":"0", "process_success":"250", "total":"250"}}
{"logTime": "0329/172417", "correlationVector":"WgBXKnxMPMEiczXSFDab2I.3","action":"GetUpdates Response", "result":"Success", "context":Received 250 update(s). cV=WgBXKnxMPMEiczXSFDab2I.0;server=akswtt11200000s;cloudType=Consumer;environment=Prod_southeastasia_prod-s01-064-apac-southeastasia;migrationStage=NotStarted Some updates remain.}
{"logTime": "0329/172417", "correlationVector":"hLIayffaF4t22rB1zXLxl4","action":"Initial GetUpdates", "result":"", "context":Reason: NEWLY_SUPPORTED_DATATYPE. cV=hLIayffaF4t22rB1zXLxl4}
{"logTime": "0329/172418", "correlationVector":"hLIayffaF4t22rB1zXLxl4.1","action":"SyncServerConnectionManagerRequest", "result":"SYNC_SERVER_OK", "context":{"environment":"Prod_southeastasia_prod-s01-064-apac-southeastasia", "migrationStage":"NotStarted", "server":"akswtt112000003"}}
{"logTime": "0329/172418", "correlationVector":"hLIayffaF4t22rB1zXLxl4.2","action":"ProcessGetUpdates", "result":"Done", "context":{"dataType":"History", "deleted":"0", "process_failed_to_decrypt":"0", "process_pending_decryption":"0", "process_success":"250", "total":"250"}}
{"logTime": "0329/172418", "correlationVector":"hLIayffaF4t22rB1zXLxl4.3","action":"GetUpdates Response", "result":"Success", "context":Received 250 update(s). cV=hLIayffaF4t22rB1zXLxl4.0;server=akswtt112000003;cloudType=Consumer;environment=Prod_southeastasia_prod-s01-064-apac-southeastasia;migrationStage=NotStarted Some updates remain.}
{"logTime": "0329/172418", "correlationVector":"qSdpj5/VHc17PUwcPgjVqj","action":"Initial GetUpdates", "result":"", "context":Reason: NEWLY_SUPPORTED_DATATYPE. cV=qSdpj5/VHc17PUwcPgjVqj}
{"logTime": "0329/172418", "correlationVector":"qSdpj5/VHc17PUwcPgjVqj.1","action":"SyncServerConnectionManagerRequest", "result":"SYNC_SERVER_OK", "context":{"environment":"Prod_southeastasia_prod-s01-064-apac-southeastasia", "migrationStage":"NotStarted", "server":"akswtt11200000s"}}
{"logTime": "0329/172418", "correlationVector":"qSdpj5/VHc17PUwcPgjVqj.2","action":"ProcessGetUpdates", "result":"Done", "context":{"dataType":"History", "deleted":"0", "process_failed_to_decrypt":"0", "process_pending_decryption":"0", "process_success":"250", "total":"250"}}
{"logTime": "0329/172418", "correlationVector":"qSdpj5/VHc17PUwcPgjVqj.3","action":"GetUpdates Response", "result":"Success", "context":Received 250 update(s). cV=qSdpj5/VHc17PUwcPgjVqj.0;server=akswtt11200000s;cloudType=Consumer;environment=Prod_southeastasia_prod-s01-064-apac-southeastasia;migrationStage=NotStarted Some updates remain.}
{"logTime": "0329/172418", "correlationVector":"J4liYKMzO/jbhmL89Ntv3w","action":"Initial GetUpdates", "result":"", "context":Reason: NEWLY_SUPPORTED_DATATYPE. cV=J4liYKMzO/jbhmL89Ntv3w}
{"logTime": "0329/172419", "correlationVector":"J4liYKMzO/jbhmL89Ntv3w.1","action":"SyncServerConnectionManagerRequest", "result":"SYNC_SERVER_OK", "context":{"environment":"Prod_southeastasia_prod-s01-064-apac-southeastasia", "migrationStage":"NotStarted", "server":"akswtt112000003"}}
{"logTime": "0329/172419", "correlationVector":"J4liYKMzO/jbhmL89Ntv3w.2","action":"ProcessGetUpdates", "result":"Done", "context":{"dataType":"History", "deleted":"0", "process_failed_to_decrypt":"0", "process_pending_decryption":"0", "process_success":"250", "total":"250"}}
{"logTime": "0329/172419", "correlationVector":"J4liYKMzO/jbhmL89Ntv3w.3","action":"GetUpdates Response", "result":"Success", "context":Received 250 update(s). cV=J4liYKMzO/jbhmL89Ntv3w.0;server=akswtt112000003;cloudType=Consumer;environment=Prod_southeastasia_prod-s01-064-apac-southeastasia;migrationStage=NotStarted Some updates remain.}
{"logTime": "0329/172419", "correlationVector":"uxvNxRuLwL3V/lzqO2l++h","action":"Initial GetUpdates", "result":"", "context":Reason: NEWLY_SUPPORTED_DATATYPE. cV=uxvNxRuLwL3V/lzqO2l++h}
{"logTime": "0329/172419", "correlationVector":"uxvNxRuLwL3V/lzqO2l++h.1","action":"SyncServerConnectionManagerRequest", "result":"SYNC_SERVER_OK", "context":{"environment":"Prod_southeastasia_prod-s01-064-apac-southeastasia", "migrationStage":"NotStarted", "server":"akswtt11200000r"}}
{"logTime": "0329/172419", "correlationVector":"uxvNxRuLwL3V/lzqO2l++h.2","action":"ProcessGetUpdates", "result":"Done", "context":{"dataType":"History", "deleted":"0", "process_failed_to_decrypt":"0", "process_pending_decryption":"0", "process_success":"250", "total":"250"}}
{"logTime": "0329/172419", "correlationVector":"uxvNxRuLwL3V/lzqO2l++h.3","action":"GetUpdates Response", "result":"Success", "context":Received 250 update(s). cV=uxvNxRuLwL3V/lzqO2l++h.0;server=akswtt11200000r;cloudType=Consumer;environment=Prod_southeastasia_prod-s01-064-apac-southeastasia;migrationStage=NotStarted Some updates remain.}
{"logTime": "0329/172419", "correlationVector":"W57uSxn0nZdeL4d4QJP9W5","action":"Initial GetUpdates", "result":"", "context":Reason: NEWLY_SUPPORTED_DATATYPE. cV=W57uSxn0nZdeL4d4QJP9W5}
{"logTime": "0329/172420", "correlationVector":"W57uSxn0nZdeL4d4QJP9W5.1","action":"SyncServerConnectionManagerRequest", "result":"SYNC_SERVER_OK", "context":{"environment":"Prod_southeastasia_prod-s01-064-apac-southeastasia", "migrationStage":"NotStarted", "server":"akswtt112000008"}}
{"logTime": "0329/172420", "correlationVector":"W57uSxn0nZdeL4d4QJP9W5.2","action":"ProcessGetUpdates", "result":"Done", "context":{"dataType":"History", "deleted":"0", "process_failed_to_decrypt":"0", "process_pending_decryption":"0", "process_success":"250", "total":"250"}}
{"logTime": "0329/172420", "correlationVector":"W57uSxn0nZdeL4d4QJP9W5.3","action":"GetUpdates Response", "result":"Success", "context":Received 250 update(s). cV=W57uSxn0nZdeL4d4QJP9W5.0;server=akswtt112000008;cloudType=Consumer;environment=Prod_southeastasia_prod-s01-064-apac-southeastasia;migrationStage=NotStarted Some updates remain.}
{"logTime": "0329/172420", "correlationVector":"/xug4jbBuucot4GpRQTNvX","action":"Initial GetUpdates", "result":"", "context":Reason: NEWLY_SUPPORTED_DATATYPE. cV=/xug4jbBuucot4GpRQTNvX}
{"logTime": "0329/172420", "correlationVector":"/xug4jbBuucot4GpRQTNvX.1","action":"SyncServerConnectionManagerRequest", "result":"SYNC_SERVER_OK", "context":{"environment":"Prod_southeastasia_prod-s01-064-apac-southeastasia", "migrationStage":"NotStarted", "server":"akswtt11200000j"}}
{"logTime": "0329/172420", "correlationVector":"/xug4jbBuucot4GpRQTNvX.2","action":"ProcessGetUpdates", "result":"Done", "context":{"dataType":"History", "deleted":"0", "process_failed_to_decrypt":"0", "process_pending_decryption":"0", "process_success":"250", "total":"250"}}
{"logTime": "0329/172420", "correlationVector":"/xug4jbBuucot4GpRQTNvX.3","action":"GetUpdates Response", "result":"Success", "context":Received 250 update(s). cV=/xug4jbBuucot4GpRQTNvX.0;server=akswtt11200000j;cloudType=Consumer;environment=Prod_southeastasia_prod-s01-064-apac-southeastasia;migrationStage=NotStarted Some updates remain.}
{"logTime": "0329/172420", "correlationVector":"2JZxBelbUh+dhRAJF2t0KV","action":"Initial GetUpdates", "result":"", "context":Reason: NEWLY_SUPPORTED_DATATYPE. cV=2JZxBelbUh+dhRAJF2t0KV}
{"logTime": "0329/172421", "correlationVector":"2JZxBelbUh+dhRAJF2t0KV.1","action":"SyncServerConnectionManagerRequest", "result":"SYNC_SERVER_OK", "context":{"environment":"Prod_southeastasia_prod-s01-064-apac-southeastasia", "migrationStage":"NotStarted", "server":"akswtt112000008"}}
{"logTime": "0329/172421", "correlationVector":"2JZxBelbUh+dhRAJF2t0KV.2","action":"ProcessGetUpdates", "result":"Done", "context":{"dataType":"History", "deleted":"0", "process_failed_to_decrypt":"0", "process_pending_decryption":"0", "process_success":"250", "total":"250"}}
{"logTime": "0329/172421", "correlationVector":"2JZxBelbUh+dhRAJF2t0KV.3","action":"GetUpdates Response", "result":"Success", "context":Received 250 update(s). cV=2JZxBelbUh+dhRAJF2t0KV.0;server=akswtt112000008;cloudType=Consumer;environment=Prod_southeastasia_prod-s01-064-apac-southeastasia;migrationStage=NotStarted Some updates remain.}
{"logTime": "0329/172421", "correlationVector":"4ppRoFAQxSYRY8nQeze0rH","action":"Initial GetUpdates", "result":"", "context":Reason: NEWLY_SUPPORTED_DATATYPE. cV=4ppRoFAQxSYRY8nQeze0rH}
{"logTime": "0329/172422", "correlationVector":"4ppRoFAQxSYRY8nQeze0rH.1","action":"SyncServerConnectionManagerRequest", "result":"SYNC_SERVER_OK", "context":{"environment":"Prod_southeastasia_prod-s01-064-apac-southeastasia", "migrationStage":"NotStarted", "server":"akswtt11200000r"}}
{"logTime": "0329/172422", "correlationVector":"4ppRoFAQxSYRY8nQeze0rH.2","action":"ProcessGetUpdates", "result":"Done", "context":{"dataType":"History", "deleted":"0", "process_failed_to_decrypt":"0", "process_pending_decryption":"0", "process_success":"250", "total":"250"}}
{"logTime": "0329/172422", "correlationVector":"4ppRoFAQxSYRY8nQeze0rH.3","action":"GetUpdates Response", "result":"Success", "context":Received 250 update(s). cV=4ppRoFAQxSYRY8nQeze0rH.0;server=akswtt11200000r;cloudType=Consumer;environment=Prod_southeastasia_prod-s01-064-apac-southeastasia;migrationStage=NotStarted Some updates remain.}
{"logTime": "0329/172422", "correlationVector":"EKqvRpIT3NIqdbdtL60nAZ","action":"Initial GetUpdates", "result":"", "context":Reason: NEWLY_SUPPORTED_DATATYPE. cV=EKqvRpIT3NIqdbdtL60nAZ}
{"logTime": "0329/172422", "correlationVector":"EKqvRpIT3NIqdbdtL60nAZ.1","action":"SyncServerConnectionManagerRequest", "result":"SYNC_SERVER_OK", "context":{"environment":"Prod_southeastasia_prod-s01-064-apac-southeastasia", "migrationStage":"NotStarted", "server":"akswtt11200000r"}}
{"logTime": "0329/172422", "correlationVector":"EKqvRpIT3NIqdbdtL60nAZ.2","action":"ProcessGetUpdates", "result":"Done", "context":{"dataType":"History", "deleted":"0", "process_failed_to_decrypt":"0", "process_pending_decryption":"0", "process_success":"250", "total":"250"}}
{"logTime": "0329/172422", "correlationVector":"EKqvRpIT3NIqdbdtL60nAZ.3","action":"GetUpdates Response", "result":"Success", "context":Received 250 update(s). cV=EKqvRpIT3NIqdbdtL60nAZ.0;server=akswtt11200000r;cloudType=Consumer;environment=Prod_southeastasia_prod-s01-064-apac-southeastasia;migrationStage=NotStarted Some updates remain.}
{"logTime": "0329/172422", "correlationVector":"1XU7i6KMxPPo+x7Tkq0UF7","action":"Initial GetUpdates", "result":"", "context":Reason: NEWLY_SUPPORTED_DATATYPE. cV=1XU7i6KMxPPo+x7Tkq0UF7}
{"logTime": "0329/172423", "correlationVector":"1XU7i6KMxPPo+x7Tkq0UF7.1","action":"SyncServerConnectionManagerRequest", "result":"SYNC_SERVER_OK", "context":{"environment":"Prod_southeastasia_prod-s01-064-apac-southeastasia", "migrationStage":"NotStarted", "server":"akswtt11200000p"}}
{"logTime": "0329/172423", "correlationVector":"1XU7i6KMxPPo+x7Tkq0UF7.2","action":"ProcessGetUpdates", "result":"Done", "context":{"dataType":"History", "deleted":"0", "process_failed_to_decrypt":"0", "process_pending_decryption":"0", "process_success":"250", "total":"250"}}
{"logTime": "0329/172423", "correlationVector":"1XU7i6KMxPPo+x7Tkq0UF7.3","action":"GetUpdates Response", "result":"Success", "context":Received 250 update(s). cV=1XU7i6KMxPPo+x7Tkq0UF7.0;server=akswtt11200000p;cloudType=Consumer;environment=Prod_southeastasia_prod-s01-064-apac-southeastasia;migrationStage=NotStarted Some updates remain.}
{"logTime": "0329/172423", "correlationVector":"+19zq1lT+gsAci3i15g2Wd","action":"Initial GetUpdates", "result":"", "context":Reason: NEWLY_SUPPORTED_DATATYPE. cV=+19zq1lT+gsAci3i15g2Wd}
{"logTime": "0329/172423", "correlationVector":"+19zq1lT+gsAci3i15g2Wd.1","action":"SyncServerConnectionManagerRequest", "result":"SYNC_SERVER_OK", "context":{"environment":"Prod_southeastasia_prod-s01-064-apac-southeastasia", "migrationStage":"NotStarted", "server":"akswtt112000004"}}
{"logTime": "0329/172423", "correlationVector":"+19zq1lT+gsAci3i15g2Wd.2","action":"ProcessGetUpdates", "result":"Done", "context":{"dataType":"History", "deleted":"0", "process_failed_to_decrypt":"0", "process_pending_decryption":"0", "process_success":"250", "total":"250"}}
{"logTime": "0329/172423", "correlationVector":"+19zq1lT+gsAci3i15g2Wd.3","action":"GetUpdates Response", "result":"Success", "context":Received 250 update(s). cV=+19zq1lT+gsAci3i15g2Wd.0;server=akswtt112000004;cloudType=Consumer;environment=Prod_southeastasia_prod-s01-064-apac-southeastasia;migrationStage=NotStarted Some updates remain.}
{"logTime": "0329/172423", "correlationVector":"b5YQA8+FP1XPAMVbNrKko/","action":"Initial GetUpdates", "result":"", "context":Reason: NEWLY_SUPPORTED_DATATYPE. cV=b5YQA8+FP1XPAMVbNrKko/}
{"logTime": "0329/172424", "correlationVector":"b5YQA8+FP1XPAMVbNrKko/.1","action":"SyncServerConnectionManagerRequest", "result":"SYNC_SERVER_OK", "context":{"environment":"Prod_southeastasia_prod-s01-064-apac-southeastasia", "migrationStage":"NotStarted", "server":"akswtt112000008"}}
{"logTime": "0329/172424", "correlationVector":"b5YQA8+FP1XPAMVbNrKko/.2","action":"ProcessGetUpdates", "result":"Done", "context":{"dataType":"History", "deleted":"0", "process_failed_to_decrypt":"0", "process_pending_decryption":"0", "process_success":"250", "total":"250"}}
{"logTime": "0329/172424", "correlationVector":"b5YQA8+FP1XPAMVbNrKko/.3","action":"GetUpdates Response", "result":"Success", "context":Received 250 update(s). cV=b5YQA8+FP1XPAMVbNrKko/.0;server=akswtt112000008;cloudType=Consumer;environment=Prod_southeastasia_prod-s01-064-apac-southeastasia;migrationStage=NotStarted Some updates remain.}
{"logTime": "0329/172424", "correlationVector":"2Ah0nSsm0xcXEoPJZGfVPh","action":"Initial GetUpdates", "result":"", "context":Reason: NEWLY_SUPPORTED_DATATYPE. cV=2Ah0nSsm0xcXEoPJZGfVPh}
{"logTime": "0329/172425", "correlationVector":"2Ah0nSsm0xcXEoPJZGfVPh.1","action":"SyncServerConnectionManagerRequest", "result":"SYNC_SERVER_OK", "context":{"environment":"Prod_southeastasia_prod-s01-064-apac-southeastasia", "migrationStage":"NotStarted", "server":"akswtt11200000g"}}
{"logTime": "0329/172425", "correlationVector":"2Ah0nSsm0xcXEoPJZGfVPh.2","action":"ProcessGetUpdates", "result":"Done", "context":{"dataType":"History", "deleted":"0", "process_failed_to_decrypt":"0", "process_pending_decryption":"0", "process_success":"250", "total":"250"}}
{"logTime": "0329/172425", "correlationVector":"2Ah0nSsm0xcXEoPJZGfVPh.3","action":"GetUpdates Response", "result":"Success", "context":Received 250 update(s). cV=2Ah0nSsm0xcXEoPJZGfVPh.0;server=akswtt11200000g;cloudType=Consumer;environment=Prod_southeastasia_prod-s01-064-apac-southeastasia;migrationStage=NotStarted Some updates remain.}
{"logTime": "0329/172425", "correlationVector":"wj/7i55Mpbr5nPLlhSW1Hr","action":"Initial GetUpdates", "result":"", "context":Reason: NEWLY_SUPPORTED_DATATYPE. cV=wj/7i55Mpbr5nPLlhSW1Hr}
{"logTime": "0329/172425", "correlationVector":"wj/7i55Mpbr5nPLlhSW1Hr.1","action":"SyncServerConnectionManagerRequest", "result":"SYNC_SERVER_OK", "context":{"environment":"Prod_southeastasia_prod-s01-064-apac-southeastasia", "migrationStage":"NotStarted", "server":"akswtt112000004"}}
{"logTime": "0329/172425", "correlationVector":"wj/7i55Mpbr5nPLlhSW1Hr.2","action":"ProcessGetUpdates", "result":"Done", "context":{"dataType":"History", "deleted":"0", "process_failed_to_decrypt":"0", "process_pending_decryption":"0", "process_success":"250", "total":"250"}}
{"logTime": "0329/172425", "correlationVector":"wj/7i55Mpbr5nPLlhSW1Hr.3","action":"GetUpdates Response", "result":"Success", "context":Received 250 update(s). cV=wj/7i55Mpbr5nPLlhSW1Hr.0;server=akswtt112000004;cloudType=Consumer;environment=Prod_southeastasia_prod-s01-064-apac-southeastasia;migrationStage=NotStarted Some updates remain.}
{"logTime": "0329/172425", "correlationVector":"rxyI/AwGPnKfjo+OUZFyxG","action":"Initial GetUpdates", "result":"", "context":Reason: NEWLY_SUPPORTED_DATATYPE. cV=rxyI/AwGPnKfjo+OUZFyxG}
{"logTime": "0329/172425", "correlationVector":"rxyI/AwGPnKfjo+OUZFyxG.1","action":"SyncServerConnectionManagerRequest", "result":"SYNC_SERVER_OK", "context":{"environment":"Prod_southeastasia_prod-s01-064-apac-southeastasia", "migrationStage":"NotStarted", "server":"akswtt112000009"}}
{"logTime": "0329/172425", "correlationVector":"rxyI/AwGPnKfjo+OUZFyxG.2","action":"ProcessGetUpdates", "result":"Done", "context":{"dataType":"History", "deleted":"0", "process_failed_to_decrypt":"0", "process_pending_decryption":"0", "process_success":"250", "total":"250"}}
{"logTime": "0329/172425", "correlationVector":"rxyI/AwGPnKfjo+OUZFyxG.3","action":"GetUpdates Response", "result":"Success", "context":Received 250 update(s). cV=rxyI/AwGPnKfjo+OUZFyxG.0;server=akswtt112000009;cloudType=Consumer;environment=Prod_southeastasia_prod-s01-064-apac-southeastasia;migrationStage=NotStarted Some updates remain.}
{"logTime": "0329/172425", "correlationVector":"nj4YWl5vO1dKV8wBjnBJWW","action":"Initial GetUpdates", "result":"", "context":Reason: NEWLY_SUPPORTED_DATATYPE. cV=nj4YWl5vO1dKV8wBjnBJWW}
{"logTime": "0329/172426", "correlationVector":"nj4YWl5vO1dKV8wBjnBJWW.1","action":"SyncServerConnectionManagerRequest", "result":"SYNC_SERVER_OK", "context":{"environment":"Prod_southeastasia_prod-s01-064-apac-southeastasia", "migrationStage":"NotStarted", "server":"akswtt112000008"}}
{"logTime": "0329/172426", "correlationVector":"nj4YWl5vO1dKV8wBjnBJWW.2","action":"ProcessGetUpdates", "result":"Done", "context":{"dataType":"History", "deleted":"0", "process_failed_to_decrypt":"0", "process_pending_decryption":"0", "process_success":"250", "total":"250"}}
{"logTime": "0329/172426", "correlationVector":"nj4YWl5vO1dKV8wBjnBJWW.3","action":"GetUpdates Response", "result":"Success", "context":Received 250 update(s). cV=nj4YWl5vO1dKV8wBjnBJWW.0;server=akswtt112000008;cloudType=Consumer;environment=Prod_southeastasia_prod-s01-064-apac-southeastasia;migrationStage=NotStarted Some updates remain.}
{"logTime": "0329/172426", "correlationVector":"bgAVR2EoJoin1uEpcr82bD","action":"Initial GetUpdates", "result":"", "context":Reason: NEWLY_SUPPORTED_DATATYPE. cV=bgAVR2EoJoin1uEpcr82bD}
{"logTime": "0329/172427", "correlationVector":"bgAVR2EoJoin1uEpcr82bD.1","action":"SyncServerConnectionManagerRequest", "result":"SYNC_SERVER_OK", "context":{"environment":"Prod_southeastasia_prod-s01-064-apac-southeastasia", "migrationStage":"NotStarted", "server":"akswtt112000009"}}
{"logTime": "0329/172427", "correlationVector":"bgAVR2EoJoin1uEpcr82bD.2","action":"ProcessGetUpdates", "result":"Done", "context":{"dataType":"History", "deleted":"0", "process_failed_to_decrypt":"0", "process_pending_decryption":"0", "process_success":"250", "total":"250"}}
{"logTime": "0329/172427", "correlationVector":"bgAVR2EoJoin1uEpcr82bD.3","action":"GetUpdates Response", "result":"Success", "context":Received 250 update(s). cV=bgAVR2EoJoin1uEpcr82bD.0;server=akswtt112000009;cloudType=Consumer;environment=Prod_southeastasia_prod-s01-064-apac-southeastasia;migrationStage=NotStarted Some updates remain.}
{"logTime": "0329/172427", "correlationVector":"Czkt3TDPe1LLR+Td8L0gLW","action":"Initial GetUpdates", "result":"", "context":Reason: NEWLY_SUPPORTED_DATATYPE. cV=Czkt3TDPe1LLR+Td8L0gLW}
{"logTime": "0329/172427", "correlationVector":"Czkt3TDPe1LLR+Td8L0gLW.1","action":"SyncServerConnectionManagerRequest", "result":"SYNC_SERVER_OK", "context":{"environment":"Prod_southeastasia_prod-s01-064-apac-southeastasia", "migrationStage":"NotStarted", "server":"akswtt112000002"}}
{"logTime": "0329/172427", "correlationVector":"Czkt3TDPe1LLR+Td8L0gLW.2","action":"ProcessGetUpdates", "result":"Done", "context":{"dataType":"History", "deleted":"0", "process_failed_to_decrypt":"0", "process_pending_decryption":"0", "process_success":"250", "total":"250"}}
{"logTime": "0329/172427", "correlationVector":"Czkt3TDPe1LLR+Td8L0gLW.3","action":"GetUpdates Response", "result":"Success", "context":Received 250 update(s). cV=Czkt3TDPe1LLR+Td8L0gLW.0;server=akswtt112000002;cloudType=Consumer;environment=Prod_southeastasia_prod-s01-064-apac-southeastasia;migrationStage=NotStarted Some updates remain.}
{"logTime": "0329/172427", "correlationVector":"BrhkbQzxRvsFOnGumrAyQ8","action":"Initial GetUpdates", "result":"", "context":Reason: NEWLY_SUPPORTED_DATATYPE. cV=BrhkbQzxRvsFOnGumrAyQ8}
{"logTime": "0329/172428", "correlationVector":"BrhkbQzxRvsFOnGumrAyQ8.1","action":"SyncServerConnectionManagerRequest", "result":"SYNC_SERVER_OK", "context":{"environment":"Prod_southeastasia_prod-s01-064-apac-southeastasia", "migrationStage":"NotStarted", "server":"akswtt112000004"}}
{"logTime": "0329/172428", "correlationVector":"BrhkbQzxRvsFOnGumrAyQ8.2","action":"ProcessGetUpdates", "result":"Done", "context":{"dataType":"History", "deleted":"0", "process_failed_to_decrypt":"0", "process_pending_decryption":"0", "process_success":"250", "total":"250"}}
{"logTime": "0329/172428", "correlationVector":"BrhkbQzxRvsFOnGumrAyQ8.3","action":"GetUpdates Response", "result":"Success", "context":Received 250 update(s). cV=BrhkbQzxRvsFOnGumrAyQ8.0;server=akswtt112000004;cloudType=Consumer;environment=Prod_southeastasia_prod-s01-064-apac-southeastasia;migrationStage=NotStarted Some updates remain.}
{"logTime": "0329/172428", "correlationVector":"8JgMFENbHAaNL9RO1dL81K","action":"Initial GetUpdates", "result":"", "context":Reason: NEWLY_SUPPORTED_DATATYPE. cV=8JgMFENbHAaNL9RO1dL81K}
{"logTime": "0329/172428", "correlationVector":"8JgMFENbHAaNL9RO1dL81K.1","action":"SyncServerConnectionManagerRequest", "result":"SYNC_SERVER_OK", "context":{"environment":"Prod_southeastasia_prod-s01-064-apac-southeastasia", "migrationStage":"NotStarted", "server":"akswtt11200000j"}}
{"logTime": "0329/172428", "correlationVector":"8JgMFENbHAaNL9RO1dL81K.2","action":"ProcessGetUpdates", "result":"Done", "context":{"dataType":"History", "deleted":"0", "process_failed_to_decrypt":"0", "process_pending_decryption":"0", "process_success":"250", "total":"250"}}
{"logTime": "0329/172428", "correlationVector":"8JgMFENbHAaNL9RO1dL81K.3","action":"GetUpdates Response", "result":"Success", "context":Received 250 update(s). cV=8JgMFENbHAaNL9RO1dL81K.0;server=akswtt11200000j;cloudType=Consumer;environment=Prod_southeastasia_prod-s01-064-apac-southeastasia;migrationStage=NotStarted Some updates remain.}
{"logTime": "0329/172428", "correlationVector":"0pWY8A1h1bsPsV6zFX+pRF","action":"Initial GetUpdates", "result":"", "context":Reason: NEWLY_SUPPORTED_DATATYPE. cV=0pWY8A1h1bsPsV6zFX+pRF}
{"logTime": "0329/172428", "correlationVector":"0pWY8A1h1bsPsV6zFX+pRF.1","action":"SyncServerConnectionManagerRequest", "result":"SYNC_SERVER_OK", "context":{"environment":"Prod_southeastasia_prod-s01-064-apac-southeastasia", "migrationStage":"NotStarted", "server":"akswtt112000004"}}
{"logTime": "0329/172428", "correlationVector":"0pWY8A1h1bsPsV6zFX+pRF.2","action":"ProcessGetUpdates", "result":"Done", "context":{"dataType":"History", "deleted":"0", "process_failed_to_decrypt":"0", "process_pending_decryption":"0", "process_success":"250", "total":"250"}}
{"logTime": "0329/172428", "correlationVector":"0pWY8A1h1bsPsV6zFX+pRF.3","action":"GetUpdates Response", "result":"Success", "context":Received 250 update(s). cV=0pWY8A1h1bsPsV6zFX+pRF.0;server=akswtt112000004;cloudType=Consumer;environment=Prod_southeastasia_prod-s01-064-apac-southeastasia;migrationStage=NotStarted Some updates remain.}
{"logTime": "0329/172428", "correlationVector":"wwbybXYlnzpTJ6u+nMBz8q","action":"Initial GetUpdates", "result":"", "context":Reason: NEWLY_SUPPORTED_DATATYPE. cV=wwbybXYlnzpTJ6u+nMBz8q}
{"logTime": "0329/172429", "correlationVector":"wwbybXYlnzpTJ6u+nMBz8q.1","action":"SyncServerConnectionManagerRequest", "result":"SYNC_SERVER_OK", "context":{"environment":"Prod_southeastasia_prod-s01-064-apac-southeastasia", "migrationStage":"NotStarted", "server":"akswtt11200000e"}}
{"logTime": "0329/172429", "correlationVector":"wwbybXYlnzpTJ6u+nMBz8q.2","action":"ProcessGetUpdates", "result":"Done", "context":{"dataType":"History", "deleted":"0", "process_failed_to_decrypt":"0", "process_pending_decryption":"0", "process_success":"236", "total":"236"}}
{"logTime": "0329/172429", "correlationVector":"wwbybXYlnzpTJ6u+nMBz8q.3","action":"GetUpdates Response", "result":"Success", "context":Received 236 update(s). cV=wwbybXYlnzpTJ6u+nMBz8q.0;server=akswtt11200000e;cloudType=Consumer;environment=Prod_southeastasia_prod-s01-064-apac-southeastasia;migrationStage=NotStarted}
{"logTime": "0329/172429", "correlationVector":"10XffgfoD5HHBqzjfeycg6","action":"Normal GetUpdate request", "result":"", "context":cV=10XffgfoD5HHBqzjfeycg6
Nudged types: Preferences, Passwords, Sessions, Extension settings, Device Info, User Consents, History
Refresh requested types: Bookmarks, Preferences, Passwords, Autofill Profiles, Autofill, Extensions, Sessions, Extension settings, History Delete Directives, Device Info, User Consents, Send Tab To Self, Web Apps, History, Saved Tab Group, WebAuthn Credentials, Collection, Edge E Drop, Edge Hub App Usage, Edge Wallet, Edge Workspace, Encryption Keys}
{"logTime": "0329/172429", "correlationVector":"10XffgfoD5HHBqzjfeycg6.1","action":"SyncServerConnectionManagerRequest", "result":"SYNC_SERVER_OK", "context":{"environment":"Prod_southeastasia_prod-s01-064-apac-southeastasia", "migrationStage":"NotStarted", "server":"akswtt11200000s"}}
{"logTime": "0329/172429", "correlationVector":"10XffgfoD5HHBqzjfeycg6.2","action":"ProcessGetUpdates", "result":"Done", "context":{"dataType":"Sessions", "deleted":"0", "process_failed_to_decrypt":"0", "process_pending_decryption":"0", "process_success":"5", "total":"5"}}
{"logTime": "0329/172429", "correlationVector":"10XffgfoD5HHBqzjfeycg6.3","action":"GetUpdates Response", "result":"Success", "context":Received 5 update(s). cV=10XffgfoD5HHBqzjfeycg6.0;server=akswtt11200000s;cloudType=Consumer;environment=Prod_southeastasia_prod-s01-064-apac-southeastasia;migrationStage=NotStarted}
{"logTime": "0329/172429", "correlationVector":"f+ADsmqRg+Ny8KbcTCo5S0","action":"Commit Request", "result":"", "context":Item count: 40
Contributing types: Passwords}
{"logTime": "0329/172430", "correlationVector":"f+ADsmqRg+Ny8KbcTCo5S0.1","action":"SyncServerConnectionManagerRequest", "result":"SYNC_SERVER_OK", "context":{"environment":"Prod_southeastasia_prod-s01-064-apac-southeastasia", "migrationStage":"NotStarted", "server":"akswtt112000009"}}
{"logTime": "0329/172430", "correlationVector":"f+ADsmqRg+Ny8KbcTCo5S0.2","action":"Commit Response", "result":"Success", "context":Result: Success. cV=f+ADsmqRg+Ny8KbcTCo5S0.0;server=akswtt112000009;cloudType=Consumer;environment=Prod_southeastasia_prod-s01-064-apac-southeastasia;migrationStage=NotStarted}
{"logTime": "0329/172430", "correlationVector":"N0giyLem572KqNDTMbx4Kj","action":"Commit Request", "result":"", "context":Item count: 40
Contributing types: Passwords}
{"logTime": "0329/172432", "correlationVector":"N0giyLem572KqNDTMbx4Kj.1","action":"SyncServerConnectionManagerRequest", "result":"SYNC_SERVER_OK", "context":{"environment":"Prod_southeastasia_prod-s01-064-apac-southeastasia", "migrationStage":"NotStarted", "server":"akswtt11200000g"}}
{"logTime": "0329/172432", "correlationVector":"N0giyLem572KqNDTMbx4Kj.2","action":"Commit Response", "result":"Success", "context":Result: Success. cV=N0giyLem572KqNDTMbx4Kj.0;server=akswtt11200000g;cloudType=Consumer;environment=Prod_southeastasia_prod-s01-064-apac-southeastasia;migrationStage=NotStarted}
{"logTime": "0329/172432", "correlationVector":"oq5t9HkCOxeaLftRdd3Cpu","action":"Commit Request", "result":"", "context":Item count: 33
Contributing types: Preferences, Passwords, Sessions, Extension settings, Device Info, User Consents, History}
{"logTime": "0329/172433", "correlationVector":"oq5t9HkCOxeaLftRdd3Cpu.1","action":"SyncServerConnectionManagerRequest", "result":"SYNC_SERVER_OK", "context":{"environment":"Prod_southeastasia_prod-s01-064-apac-southeastasia", "migrationStage":"NotStarted", "server":"akswtt11200000j"}}
{"logTime": "0329/172433", "correlationVector":"oq5t9HkCOxeaLftRdd3Cpu.2","action":"Commit Response", "result":"Success", "context":Result: Success. cV=oq5t9HkCOxeaLftRdd3Cpu.0;server=akswtt11200000j;cloudType=Consumer;environment=Prod_southeastasia_prod-s01-064-apac-southeastasia;migrationStage=NotStarted}
{"logTime": "0329/172544", "correlationVector":"sd4hjtgb+C7v8sLDPkBa2n","action":"Commit Request", "result":"", "context":Item count: 20
Contributing types: Sessions, History}
{"logTime": "0329/172545", "correlationVector":"sd4hjtgb+C7v8sLDPkBa2n.1","action":"SyncServerConnectionManagerRequest", "result":"SYNC_SERVER_OK", "context":{"environment":"Prod_southeastasia_prod-s01-064-apac-southeastasia", "migrationStage":"NotStarted", "server":"akswtt112000004"}}
{"logTime": "0329/172545", "correlationVector":"sd4hjtgb+C7v8sLDPkBa2n.3","action":"Commit.Sessions", "result":"Success", "context":{"id":"9b0c3930-c75c-452a-a66c-abc8dfc83f73", "isDeleted":"true", "size":"0", "version":"1774805060357"}}
{"logTime": "0329/172545", "correlationVector":"sd4hjtgb+C7v8sLDPkBa2n.4","action":"Commit.Sessions", "result":"Success", "context":{"id":"354e9a86-629f-4f9f-bedb-d4eecbfc5b73", "isDeleted":"true", "size":"0", "version":"1774805060358"}}
{"logTime": "0329/172545", "correlationVector":"sd4hjtgb+C7v8sLDPkBa2n.5","action":"Commit.Sessions", "result":"Success", "context":{"id":"ba694cc7-c523-4b1a-9c63-888523039526", "isDeleted":"true", "size":"0", "version":"1774805060361"}}
{"logTime": "0329/172545", "correlationVector":"sd4hjtgb+C7v8sLDPkBa2n.6","action":"Commit.Sessions", "result":"Success", "context":{"id":"bd16fccd-1dcc-4ce9-ab9d-b871571e74a8", "isDeleted":"true", "size":"0", "version":"1774805060362"}}
{"logTime": "0329/172545", "correlationVector":"sd4hjtgb+C7v8sLDPkBa2n.2","action":"Commit Response", "result":"Success", "context":Result: Success. cV=sd4hjtgb+C7v8sLDPkBa2n.0;server=akswtt112000004;cloudType=Consumer;environment=Prod_southeastasia_prod-s01-064-apac-southeastasia;migrationStage=NotStarted}
{"logTime": "0329/175033", "correlationVector":"m/AETgCmdxd6/xYy17Ztpa","action":"Normal GetUpdate request", "result":"", "context":cV=m/AETgCmdxd6/xYy17Ztpa
Nudged types: Sessions, History
Refresh requested types: Bookmarks, Preferences, Passwords, Autofill Profiles, Autofill, Extensions, Sessions, Extension settings, History Delete Directives, Device Info, User Consents, Send Tab To Self, Web Apps, History, Saved Tab Group, WebAuthn Credentials, Collection, Edge E Drop, Edge Hub App Usage, Edge Wallet, Edge Workspace, Encryption Keys}
{"logTime": "0329/175034", "correlationVector":"m/AETgCmdxd6/xYy17Ztpa.1","action":"SyncServerConnectionManagerRequest", "result":"SYNC_SERVER_OK", "context":{"environment":"Prod_southeastasia_prod-s01-064-apac-southeastasia", "migrationStage":"NotStarted", "server":"akswtt112000004"}}
{"logTime": "0329/175034", "correlationVector":"m/AETgCmdxd6/xYy17Ztpa.2","action":"ProcessGetUpdates", "result":"Done", "context":{"dataType":"Preferences", "deleted":"0", "process_failed_to_decrypt":"0", "process_pending_decryption":"0", "process_success":"1", "total":"1"}}
{"logTime": "0329/175034", "correlationVector":"m/AETgCmdxd6/xYy17Ztpa.3","action":"ProcessGetUpdates", "result":"Done", "context":{"dataType":"Passwords", "deleted":"0", "process_failed_to_decrypt":"0", "process_pending_decryption":"0", "process_success":"88", "total":"88"}}
{"logTime": "0329/175034", "correlationVector":"m/AETgCmdxd6/xYy17Ztpa.4","action":"ProcessGetUpdates", "result":"Done", "context":{"dataType":"Sessions", "deleted":"8", "process_failed_to_decrypt":"0", "process_pending_decryption":"0", "process_success":"24", "total":"24"}}
{"logTime": "0329/175034", "correlationVector":"m/AETgCmdxd6/xYy17Ztpa.5","action":"ProcessGetUpdates", "result":"Done", "context":{"dataType":"Extension settings", "deleted":"0", "process_failed_to_decrypt":"0", "process_pending_decryption":"0", "process_success":"1", "total":"1"}}
{"logTime": "0329/175034", "correlationVector":"m/AETgCmdxd6/xYy17Ztpa.6","action":"ProcessGetUpdates", "result":"Done", "context":{"dataType":"Device Info", "deleted":"0", "process_failed_to_decrypt":"0", "process_pending_decryption":"0", "process_success":"1", "total":"1"}}
{"logTime": "0329/175034", "correlationVector":"m/AETgCmdxd6/xYy17Ztpa.7","action":"ProcessGetUpdates", "result":"Done", "context":{"dataType":"History", "deleted":"0", "process_failed_to_decrypt":"0", "process_pending_decryption":"0", "process_success":"24", "total":"24"}}
{"logTime": "0329/175034", "correlationVector":"m/AETgCmdxd6/xYy17Ztpa.8","action":"GetUpdates Response", "result":"Success", "context":Received 139 update(s). cV=m/AETgCmdxd6/xYy17Ztpa.0;server=akswtt112000004;cloudType=Consumer;environment=Prod_southeastasia_prod-s01-064-apac-southeastasia;migrationStage=NotStarted}
{"logTime": "0329/175034", "correlationVector":"h7jDMwCdgPFrpuOO+hBJGP","action":"Commit Request", "result":"", "context":Item count: 9
Contributing types: Sessions, History}
{"logTime": "0329/175035", "correlationVector":"h7jDMwCdgPFrpuOO+hBJGP.1","action":"SyncServerConnectionManagerRequest", "result":"SYNC_SERVER_OK", "context":{"environment":"Prod_southeastasia_prod-s01-064-apac-southeastasia", "migrationStage":"NotStarted", "server":"akswtt112000005"}}
{"logTime": "0329/175035", "correlationVector":"h7jDMwCdgPFrpuOO+hBJGP.3","action":"Commit.Sessions", "result":"Success", "context":{"id":"b469e269-5997-44d4-9a00-058234b4e7bb", "isDeleted":"true", "size":"0", "version":"1774805132160"}}
{"logTime": "0329/175035", "correlationVector":"h7jDMwCdgPFrpuOO+hBJGP.4","action":"Commit.Sessions", "result":"Success", "context":{"id":"ab63435f-e55c-454a-89b4-056c0686024e", "isDeleted":"true", "size":"0", "version":"1774805132159"}}
{"logTime": "0329/175035", "correlationVector":"h7jDMwCdgPFrpuOO+hBJGP.5","action":"Commit.Sessions", "result":"Success", "context":{"id":"94df0d1a-388b-49b4-a915-970cd6b15e48", "isDeleted":"true", "size":"0", "version":"1774805132156"}}
{"logTime": "0329/175035", "correlationVector":"h7jDMwCdgPFrpuOO+hBJGP.6","action":"Commit.Sessions", "result":"Success", "context":{"id":"4cb9b851-1fd3-4133-bb88-9403642e6b45", "isDeleted":"true", "size":"0", "version":"1774805132163"}}
{"logTime": "0329/175035", "correlationVector":"h7jDMwCdgPFrpuOO+hBJGP.2","action":"Commit Response", "result":"Success", "context":Result: Success. cV=h7jDMwCdgPFrpuOO+hBJGP.0;server=akswtt112000005;cloudType=Consumer;environment=Prod_southeastasia_prod-s01-064-apac-southeastasia;migrationStage=NotStarted}
{"logTime": "0329/175332", "correlationVector":"V4YVMMfNTmxR7N5ZXGsf7z","action":"Normal GetUpdate request", "result":"", "context":cV=V4YVMMfNTmxR7N5ZXGsf7z
Nudged types: Sessions, History
Refresh requested types: Bookmarks, Preferences, Passwords, Autofill Profiles, Autofill, Extensions, Sessions, Extension settings, History Delete Directives, Device Info, User Consents, Send Tab To Self, Web Apps, History, Saved Tab Group, WebAuthn Credentials, Collection, Edge E Drop, Edge Hub App Usage, Edge Wallet, Edge Workspace, Encryption Keys}
{"logTime": "0329/175333", "correlationVector":"V4YVMMfNTmxR7N5ZXGsf7z.1","action":"SyncServerConnectionManagerRequest", "result":"SYNC_SERVER_OK", "context":{"environment":"Prod_southeastasia_prod-s01-064-apac-southeastasia", "migrationStage":"NotStarted", "server":"akswtt11200000p"}}
{"logTime": "0329/175333", "correlationVector":"V4YVMMfNTmxR7N5ZXGsf7z.2","action":"ProcessGetUpdates", "result":"Done", "context":{"dataType":"Preferences", "deleted":"0", "process_failed_to_decrypt":"0", "process_pending_decryption":"0", "process_success":"1", "total":"1"}}
{"logTime": "0329/175333", "correlationVector":"V4YVMMfNTmxR7N5ZXGsf7z.3","action":"ProcessGetUpdates", "result":"Done", "context":{"dataType":"Sessions", "deleted":"5", "process_failed_to_decrypt":"0", "process_pending_decryption":"0", "process_success":"9", "total":"9"}}
{"logTime": "0329/175333", "correlationVector":"V4YVMMfNTmxR7N5ZXGsf7z.4","action":"ProcessGetUpdates", "result":"Done", "context":{"dataType":"History", "deleted":"0", "process_failed_to_decrypt":"0", "process_pending_decryption":"0", "process_success":"5", "total":"5"}}
{"logTime": "0329/175333", "correlationVector":"V4YVMMfNTmxR7N5ZXGsf7z.5","action":"GetUpdates Response", "result":"Success", "context":Received 15 update(s). cV=V4YVMMfNTmxR7N5ZXGsf7z.0;server=akswtt11200000p;cloudType=Consumer;environment=Prod_southeastasia_prod-s01-064-apac-southeastasia;migrationStage=NotStarted}
{"logTime": "0329/175333", "correlationVector":"rU+/pBcZL+uYuG+m3TzrGw","action":"Commit Request", "result":"", "context":Item count: 6
Contributing types: Sessions, History}
{"logTime": "0329/175333", "correlationVector":"rU+/pBcZL+uYuG+m3TzrGw.1","action":"SyncServerConnectionManagerRequest", "result":"SYNC_SERVER_OK", "context":{"environment":"Prod_southeastasia_prod-s01-064-apac-southeastasia", "migrationStage":"NotStarted", "server":"akswtt11200000f"}}
{"logTime": "0329/175333", "correlationVector":"rU+/pBcZL+uYuG+m3TzrGw.2","action":"Commit Response", "result":"Success", "context":Result: Success. cV=rU+/pBcZL+uYuG+m3TzrGw.0;server=akswtt11200000f;cloudType=Consumer;environment=Prod_southeastasia_prod-s01-064-apac-southeastasia;migrationStage=NotStarted}
{"logTime": "0329/175334", "correlationVector":"pP8jQtEPUodFHFjW4ze9WO","action":"Normal GetUpdate request", "result":"", "context":cV=pP8jQtEPUodFHFjW4ze9WO
Nudged types: Sessions, History
Notified types: History}
{"logTime": "0329/175355", "correlationVector":"pP8jQtEPUodFHFjW4ze9WO.1","action":"SyncServerConnectionManagerRequest", "result":"SYNC_SERVER_OK", "context":{"environment":"Prod_southeastasia_prod-s01-064-apac-southeastasia", "migrationStage":"NotStarted", "server":"akswtt11200000i"}}
{"logTime": "0329/175355", "correlationVector":"pP8jQtEPUodFHFjW4ze9WO.2","action":"ProcessGetUpdates", "result":"Done", "context":{"dataType":"Sessions", "deleted":"3", "process_failed_to_decrypt":"0", "process_pending_decryption":"0", "process_success":"8", "total":"8"}}
{"logTime": "0329/175355", "correlationVector":"pP8jQtEPUodFHFjW4ze9WO.3","action":"ProcessGetUpdates", "result":"Done", "context":{"dataType":"History", "deleted":"0", "process_failed_to_decrypt":"0", "process_pending_decryption":"0", "process_success":"6", "total":"6"}}
{"logTime": "0329/175355", "correlationVector":"pP8jQtEPUodFHFjW4ze9WO.4","action":"GetUpdates Response", "result":"Success", "context":Received 14 update(s). cV=pP8jQtEPUodFHFjW4ze9WO.0;server=akswtt11200000i;cloudType=Consumer;environment=Prod_southeastasia_prod-s01-064-apac-southeastasia;migrationStage=NotStarted}
{"logTime": "0329/175355", "correlationVector":"YuDg+HWRN08VkR58uGO1N+","action":"DoCompareDataConsistency requsted types: ", "result":"Bookmarks, Preferences, Passwords, Extensions, Extension settings, History Delete Directives, Send Tab To Self, Web Apps, History, Saved Tab Group, WebAuthn Credentials, Collection, Edge E Drop, Edge Wallet, Edge Workspace, Encryption Keys"}
{"logTime": "0329/175355", "correlationVector":"YuDg+HWRN08VkR58uGO1N+.0","action":"CompareDataConsistency result: ", "result":"Compare result: Encryption Keys is consistent. local entities count is: 1 local entities hash is: 0vciYRAV7rpPKbvgQjvxRC1W5TE="}
{"logTime": "0329/175355", "correlationVector":"YuDg+HWRN08VkR58uGO1N+.1","action":"CompareDataConsistency result: ", "result":"Compare result: Bookmarks is consistent. local entities count is: 5483 local entities hash is: ZQ+Z/+DY1tMO6SkcZwWpEdA2zVs="}
{"logTime": "0329/175355", "correlationVector":"YuDg+HWRN08VkR58uGO1N+.2","action":"CompareDataConsistency result: ", "result":"Compare result: Preferences is consistent. local entities count is: 94 local entities hash is: brEZsJEAzhPgP4NrnKJkqibhfwo="}
{"logTime": "0329/175355", "correlationVector":"YuDg+HWRN08VkR58uGO1N+.3","action":"CompareDataConsistency result: ", "result":"Compare result: Passwords is consistent. local entities count is: 88 local entities hash is: MRiRXQUYWaUnP803rxY1YnOCJbs="}
{"logTime": "0329/175355", "correlationVector":"YuDg+HWRN08VkR58uGO1N+.4","action":"CompareDataConsistency result: ", "result":"Compare result: Extensions is consistent. local entities count is: 12 local entities hash is: 4ezognbP+rcY3eSPpIEdSgKgkVE="}
{"logTime": "0329/175355", "correlationVector":"YuDg+HWRN08VkR58uGO1N+.5","action":"CompareDataConsistency result: ", "result":"Compare result: Extension settings is consistent. local entities count is: 15 local entities hash is: WfHGcuJcQhrl1aqGxtAx/ekLJSA="}
{"logTime": "0329/175355", "correlationVector":"YuDg+HWRN08VkR58uGO1N+.6","action":"CompareDataConsistency result: ", "result":"Compare result: History Delete Directives is inconsistent. server entities count is: 1 server entities hash is: addZH3ebL+uRoC8mByjg6JtgCD4= local entities count is: 0 local entities hash is: "}
{"logTime": "0329/175355", "correlationVector":"YuDg+HWRN08VkR58uGO1N+.7","action":"CompareDataConsistency result: ", "result":"Server did not send this Send Tab To Self local entities count is: 0 local entities hash is: "}
{"logTime": "0329/175355", "correlationVector":"YuDg+HWRN08VkR58uGO1N+.8","action":"CompareDataConsistency result: ", "result":"Compare result: Web Apps is consistent. local entities count is: 0 local entities hash is: "}
{"logTime": "0329/175355", "correlationVector":"YuDg+HWRN08VkR58uGO1N+.9","action":"CompareDataConsistency result: ", "result":"Server did not send this History local entities count is: 0 local entities hash is: "}
{"logTime": "0329/175355", "correlationVector":"YuDg+HWRN08VkR58uGO1N+.10","action":"CompareDataConsistency result: ", "result":"Compare result: Saved Tab Group is consistent. local entities count is: 3 local entities hash is: jNlIYAwSdWBGv53s+W38NG0sTU8="}
{"logTime": "0329/175355", "correlationVector":"YuDg+HWRN08VkR58uGO1N+.11","action":"CompareDataConsistency result: ", "result":"Server did not send this WebAuthn Credentials local entities count is: 1 local entities hash is: Z8nDNdb3fgf64cGfuwRVJ0Gan3s="}
{"logTime": "0329/175355", "correlationVector":"YuDg+HWRN08VkR58uGO1N+.12","action":"CompareDataConsistency result: ", "result":"Compare result: Collection is consistent. local entities count is: 0 local entities hash is: "}
{"logTime": "0329/175355", "correlationVector":"YuDg+HWRN08VkR58uGO1N+.13","action":"CompareDataConsistency result: ", "result":"Compare result: Edge E Drop is consistent. local entities count is: 0 local entities hash is: "}
{"logTime": "0329/175355", "correlationVector":"YuDg+HWRN08VkR58uGO1N+.14","action":"CompareDataConsistency result: ", "result":"Compare result: Edge Wallet is consistent. local entities count is: 0 local entities hash is: "}
{"logTime": "0329/175355", "correlationVector":"YuDg+HWRN08VkR58uGO1N+.15","action":"CompareDataConsistency result: ", "result":"Server did not send this Edge Workspace local entities count is: 0 local entities hash is: "}
{"logTime": "0329/175355", "correlationVector":"","action":"DIAGNOSTIC_REQUEST|v1/diagnosticData/Diagnostic.SendCheckResult()|SUCCESS", "result":""}
{"logTime": "0329/175435", "correlationVector":"FWzoAPy2JSs29TGKMAcJRE","action":"Normal GetUpdate request", "result":"", "context":cV=FWzoAPy2JSs29TGKMAcJRE
Nudged types: Sessions, History
Notified types: History}
{"logTime": "0329/175435", "correlationVector":"FWzoAPy2JSs29TGKMAcJRE.1","action":"SyncServerConnectionManagerRequest", "result":"SYNC_SERVER_OK", "context":{"environment":"Prod_southeastasia_prod-s01-064-apac-southeastasia", "migrationStage":"NotStarted", "server":"akswtt11200000i"}}
{"logTime": "0329/175435", "correlationVector":"FWzoAPy2JSs29TGKMAcJRE.2","action":"ProcessGetUpdates", "result":"Done", "context":{"dataType":"Sessions", "deleted":"0", "process_failed_to_decrypt":"0", "process_pending_decryption":"0", "process_success":"2", "total":"2"}}
{"logTime": "0329/175435", "correlationVector":"FWzoAPy2JSs29TGKMAcJRE.3","action":"ProcessGetUpdates", "result":"Done", "context":{"dataType":"History", "deleted":"0", "process_failed_to_decrypt":"0", "process_pending_decryption":"0", "process_success":"2", "total":"2"}}
{"logTime": "0329/175435", "correlationVector":"FWzoAPy2JSs29TGKMAcJRE.4","action":"GetUpdates Response", "result":"Success", "context":Received 4 update(s). cV=FWzoAPy2JSs29TGKMAcJRE.0;server=akswtt11200000i;cloudType=Consumer;environment=Prod_southeastasia_prod-s01-064-apac-southeastasia;migrationStage=NotStarted}
{"logTime": "0329/175435", "correlationVector":"YWqdPOqQb9yQXW04gW58bO","action":"Commit Request", "result":"", "context":Item count: 5
Contributing types: Sessions, History}
{"logTime": "0329/175435", "correlationVector":"YWqdPOqQb9yQXW04gW58bO.1","action":"SyncServerConnectionManagerRequest", "result":"SYNC_SERVER_OK", "context":{"environment":"Prod_southeastasia_prod-s01-064-apac-southeastasia", "migrationStage":"NotStarted", "server":"akswtt11200000c"}}
{"logTime": "0329/175435", "correlationVector":"YWqdPOqQb9yQXW04gW58bO.3","action":"Commit.Sessions", "result":"Success", "context":{"id":"386121fb-14d4-42c7-a3a1-a788550d8df0", "isDeleted":"true", "size":"0", "version":"1774806800727"}}
{"logTime": "0329/175435", "correlationVector":"YWqdPOqQb9yQXW04gW58bO.2","action":"Commit Response", "result":"Success", "context":Result: Success. cV=YWqdPOqQb9yQXW04gW58bO.0;server=akswtt11200000c;cloudType=Consumer;environment=Prod_southeastasia_prod-s01-064-apac-southeastasia;migrationStage=NotStarted}
